<?xml version="1.0" encoding="UTF-8"?>
<!-- Generated by org.testng.reporters.JUnitXMLReporter -->
<testsuite ignored="0" hostname="LTIN509654" failures="0" tests="3" name="ChromeTest" time="34.83" errors="0" timestamp="2024-10-23T17:37:40 IST">
  <testcase classname="testCases.TC001_DisplayBookshelves" name="test_displayBookShelves" time="7.465"/>
  <testcase classname="testCases.TC002_BeingAtHome_SubMenuRetrieval" name="test_beingAtHome" time="2.991"/>
  <testcase classname="testCases.TC004_DisplayStudyChairs" name="test_displayStudyChairs" time="1.97"/>
</testsuite> <!-- ChromeTest -->
