<?xml version="1.0" encoding="UTF-8"?>
<testng-results ignored="0" total="3" passed="3" failed="0" skipped="0">
  <reporter-output>
  </reporter-output>
  <suite started-at="2024-10-23T17:37:05 IST" name="Suite" finished-at="2024-10-23T17:37:40 IST" duration-ms="34830">
    <groups>
    </groups>
    <test started-at="2024-10-23T17:37:05 IST" name="ChromeTest" finished-at="2024-10-23T17:37:40 IST" duration-ms="34830">
      <class name="testCases.TC004_DisplayStudyChairs">
        <test-method is-config="true" signature="setup(java.lang.String,java.lang.String)[pri:0, instance:testCases.TC004_DisplayStudyChairs@61862a7f]" started-at="2024-10-23T17:37:31 IST" name="setup" finished-at="2024-10-23T17:37:36 IST" duration-ms="4833" status="PASS">
          <params>
            <param index="0">
              <value>
                <![CDATA[Windows]]>
              </value>
            </param>
            <param index="1">
              <value>
                <![CDATA[chrome]]>
              </value>
            </param>
          </params>
          <reporter-output>
          </reporter-output>
        </test-method> <!-- setup -->
        <test-method signature="test_displayStudyChairs()[pri:0, instance:testCases.TC004_DisplayStudyChairs@61862a7f]" started-at="2024-10-23T17:37:36 IST" name="test_displayStudyChairs" finished-at="2024-10-23T17:37:38 IST" duration-ms="1970" status="PASS">
          <reporter-output>
          </reporter-output>
        </test-method> <!-- test_displayStudyChairs -->
        <test-method is-config="true" signature="tearDown()[pri:0, instance:testCases.TC004_DisplayStudyChairs@61862a7f]" started-at="2024-10-23T17:37:38 IST" name="tearDown" finished-at="2024-10-23T17:37:40 IST" duration-ms="2335" status="PASS">
          <reporter-output>
          </reporter-output>
        </test-method> <!-- tearDown -->
      </class> <!-- testCases.TC004_DisplayStudyChairs -->
      <class name="testCases.TC002_BeingAtHome_SubMenuRetrieval">
        <test-method is-config="true" signature="setup(java.lang.String,java.lang.String)[pri:0, instance:testCases.TC002_BeingAtHome_SubMenuRetrieval@384ad17b]" started-at="2024-10-23T17:37:21 IST" name="setup" finished-at="2024-10-23T17:37:26 IST" duration-ms="4475" status="PASS">
          <params>
            <param index="0">
              <value>
                <![CDATA[Windows]]>
              </value>
            </param>
            <param index="1">
              <value>
                <![CDATA[chrome]]>
              </value>
            </param>
          </params>
          <reporter-output>
          </reporter-output>
        </test-method> <!-- setup -->
        <test-method signature="test_beingAtHome()[pri:0, instance:testCases.TC002_BeingAtHome_SubMenuRetrieval@384ad17b]" started-at="2024-10-23T17:37:26 IST" name="test_beingAtHome" finished-at="2024-10-23T17:37:29 IST" duration-ms="2991" status="PASS">
          <reporter-output>
          </reporter-output>
        </test-method> <!-- test_beingAtHome -->
        <test-method is-config="true" signature="tearDown()[pri:0, instance:testCases.TC002_BeingAtHome_SubMenuRetrieval@384ad17b]" started-at="2024-10-23T17:37:29 IST" name="tearDown" finished-at="2024-10-23T17:37:31 IST" duration-ms="2135" status="PASS">
          <reporter-output>
          </reporter-output>
        </test-method> <!-- tearDown -->
      </class> <!-- testCases.TC002_BeingAtHome_SubMenuRetrieval -->
      <class name="testCases.TC001_DisplayBookshelves">
        <test-method is-config="true" signature="setup(java.lang.String,java.lang.String)[pri:0, instance:testCases.TC001_DisplayBookshelves@40ef3420]" started-at="2024-10-23T17:37:05 IST" name="setup" finished-at="2024-10-23T17:37:11 IST" duration-ms="5748" status="PASS">
          <params>
            <param index="0">
              <value>
                <![CDATA[Windows]]>
              </value>
            </param>
            <param index="1">
              <value>
                <![CDATA[chrome]]>
              </value>
            </param>
          </params>
          <reporter-output>
          </reporter-output>
        </test-method> <!-- setup -->
        <test-method signature="test_displayBookShelves()[pri:0, instance:testCases.TC001_DisplayBookshelves@40ef3420]" started-at="2024-10-23T17:37:11 IST" name="test_displayBookShelves" finished-at="2024-10-23T17:37:19 IST" duration-ms="7465" status="PASS">
          <reporter-output>
          </reporter-output>
        </test-method> <!-- test_displayBookShelves -->
        <test-method is-config="true" signature="tearDown()[pri:0, instance:testCases.TC001_DisplayBookshelves@40ef3420]" started-at="2024-10-23T17:37:19 IST" name="tearDown" finished-at="2024-10-23T17:37:21 IST" duration-ms="2646" status="PASS">
          <reporter-output>
          </reporter-output>
        </test-method> <!-- tearDown -->
      </class> <!-- testCases.TC001_DisplayBookshelves -->
    </test> <!-- ChromeTest -->
  </suite> <!-- Suite -->
</testng-results>
